Using pre-set license
Built from '2020.3/staging' branch; Version is '2020.3.10f1 (297d780c91bc) revision 2719096'; Using compiler version '192528614'; Build Type 'Release'
OS: 'Windows 10 Pro; OS build 19042.985; Version 2009; 64bit' Language: 'en' Physical Memory: 16298 MB
BatchMode: 1, IsHumanControllingUs: 0, StartBugReporterOnCrash: 0, Is64bit: 1, IsPro: 0

 COMMAND LINE ARGUMENTS:
C:\Unity\2020.3.10f1\Editor\Unity.exe
-adb2
-batchMode
-noUpm
-name
AssetImportWorker0
-projectPath
C:/Users/Daniele/Desktop/jetride
-logFile
Logs/AssetImportWorker0.log
-srvPort
50393
Successfully changed project path to: C:/Users/Daniele/Desktop/jetride
C:/Users/Daniele/Desktop/jetride
Using Asset Import Pipeline V2.
Refreshing native plugins compatible for Editor in 40.10 ms, found 3 plugins.
Preloading 0 native plugins for Editor in 0.00 ms.
Initialize engine version: 2020.3.10f1 (297d780c91bc)
[Subsystems] Discovering subsystems at path C:/Unity/2020.3.10f1/Editor/Data/Resources/UnitySubsystems
[Subsystems] Discovering subsystems at path C:/Users/Daniele/Desktop/jetride/Assets
GfxDevice: creating device client; threaded=0
Direct3D:
    Version:  Direct3D 11.0 [level 11.1]
    Renderer: NVIDIA GeForce GTX 1660 SUPER (ID=0x21c4)
    Vendor:   
    VRAM:     5991 MB
    Driver:   27.21.14.6231
Initialize mono
Mono path[0] = 'C:/Unity/2020.3.10f1/Editor/Data/Managed'
Mono path[1] = 'C:/Unity/2020.3.10f1/Editor/Data/MonoBleedingEdge/lib/mono/unityjit'
Mono config path = 'C:/Unity/2020.3.10f1/Editor/Data/MonoBleedingEdge/etc'
Using monoOptions --debugger-agent=transport=dt_socket,embedding=1,server=y,suspend=n,address=127.0.0.1:56668
Begin MonoManager ReloadAssembly
Registering precompiled unity dll's ...
Register platform support module: C:/Unity/2020.3.10f1/Editor/Data/PlaybackEngines/WebGLSupport/UnityEditor.WebGL.Extensions.dll
Register platform support module: C:/Unity/2020.3.10f1/Editor/Data/PlaybackEngines/MacStandaloneSupport/UnityEditor.OSXStandalone.Extensions.dll
Register platform support module: C:/Unity/2020.3.10f1/Editor/Data/PlaybackEngines/WindowsStandaloneSupport/UnityEditor.WindowsStandalone.Extensions.dll
Register platform support module: C:/Unity/2020.3.10f1/Editor/Data/PlaybackEngines/LinuxStandaloneSupport/UnityEditor.LinuxStandalone.Extensions.dll
Register platform support module: C:/Unity/2020.3.10f1/Editor/Data/PlaybackEngines/LuminSupport/UnityEditor.Lumin.Extensions.dll
Registered in 0.002662 seconds.
Native extension for Lumin target not found
Native extension for LinuxStandalone target not found
Native extension for WindowsStandalone target not found
Native extension for OSXStandalone target not found
Native extension for WebGL target not found
Refreshing native plugins compatible for Editor in 38.45 ms, found 3 plugins.
Preloading 0 native plugins for Editor in 0.00 ms.
Mono: successfully reloaded assembly
- Completed reload, in  1.649 seconds
Platform modules already initialized, skipping
Registering precompiled user dll's ...
Registered in 0.003217 seconds.
Begin MonoManager ReloadAssembly
Native extension for Lumin target not found
Native extension for LinuxStandalone target not found
Native extension for WindowsStandalone target not found
Native extension for OSXStandalone target not found
Native extension for WebGL target not found
Refreshing native plugins compatible for Editor in 38.03 ms, found 3 plugins.
Preloading 0 native plugins for Editor in 0.00 ms.
Mono: successfully reloaded assembly
- Completed reload, in  1.037 seconds
Platform modules already initialized, skipping
========================================================================
Worker process is ready to serve import requests
Launched and connected shader compiler UnityShaderCompiler.exe after 0.03 seconds
Refreshing native plugins compatible for Editor in 0.39 ms, found 3 plugins.
Preloading 0 native plugins for Editor in 0.00 ms.
Unloading 2091 Unused Serialized files (Serialized files now loaded: 0)
System memory in use before: 93.2 MB.
System memory in use after: 93.1 MB.

Unloading 33 unused Assets to reduce memory usage. Loaded Objects now: 2524.
Total: 1.902900 ms (FindLiveObjects: 0.174300 ms CreateObjectMapping: 0.080400 ms MarkObjects: 1.544200 ms  DeleteObjects: 0.103200 ms)

========================================================================
Received Import Request.
  path: Assets/Player-assets/health-bar.png
  artifactKey: Guid(7fdf0e3bbdec3174fa4a6c46256b918d) Importer(815301076,1909f56bfc062723c751e8b465ee728b)
Start importing Assets/Player-assets/health-bar.png using Guid(7fdf0e3bbdec3174fa4a6c46256b918d) Importer(815301076,1909f56bfc062723c751e8b465ee728b)  -> (artifact id: '3c95ba5f33f190bb1d82f294bab36d85') in 0.146371 seconds
  Import took 0.149170 seconds .

========================================================================
Received Import Request.
  Time since last request: 0.000137 seconds.
  path: Assets/Player-assets/heart.png
  artifactKey: Guid(20a4b7a47c3766443bc157777ca134fe) Importer(815301076,1909f56bfc062723c751e8b465ee728b)
Start importing Assets/Player-assets/heart.png using Guid(20a4b7a47c3766443bc157777ca134fe) Importer(815301076,1909f56bfc062723c751e8b465ee728b)  -> (artifact id: '64d46ec02f5b3d46d1ee21b42e89ddc9') in 0.016596 seconds
  Import took 0.019278 seconds .

========================================================================
Received Import Request.
  Time since last request: 0.000146 seconds.
  path: Assets/Player-assets/heart.psd
  artifactKey: Guid(a52336990bf623d4286d7bdd15f9db56) Importer(815301076,1909f56bfc062723c751e8b465ee728b)
Start importing Assets/Player-assets/heart.psd using Guid(a52336990bf623d4286d7bdd15f9db56) Importer(815301076,1909f56bfc062723c751e8b465ee728b)  -> (artifact id: '94209cbf329e9fa26021879cce937ba6') in 0.010944 seconds
  Import took 0.013692 seconds .

========================================================================
Received Import Request.
  Time since last request: 0.000170 seconds.
  path: Assets/Player-assets/health-bar.psd
  artifactKey: Guid(583e08dd142aae247a4ddf07cb7a2c98) Importer(815301076,1909f56bfc062723c751e8b465ee728b)
Start importing Assets/Player-assets/health-bar.psd using Guid(583e08dd142aae247a4ddf07cb7a2c98) Importer(815301076,1909f56bfc062723c751e8b465ee728b)  -> (artifact id: '602f885ad3e7f11d44519b553ad5a83d') in 0.040632 seconds
  Import took 0.043885 seconds .

========================================================================
Received Prepare
Refreshing native plugins compatible for Editor in 3.19 ms, found 3 plugins.
Preloading 0 native plugins for Editor in 0.00 ms.
Unloading 19 Unused Serialized files (Serialized files now loaded: 0)
System memory in use before: 55.3 MB.
System memory in use after: 55.3 MB.

Unloading 19 unused Assets to reduce memory usage. Loaded Objects now: 2532.
Total: 3.280500 ms (FindLiveObjects: 0.178400 ms CreateObjectMapping: 0.079900 ms MarkObjects: 2.892300 ms  DeleteObjects: 0.128500 ms)

AssetImportWorkerClient::OnTransportError - code=2 error=End of file
