Using pre-set license
Built from '2020.3/staging' branch; Version is '2020.3.11f1 (99c7afb366b3) revision 10078127'; Using compiler version '192528614'; Build Type 'Release'
OS: 'Windows 10 Pro; OS build 19042.985; Version 2009; 64bit' Language: 'it' Physical Memory: 16309 MB
BatchMode: 1, IsHumanControllingUs: 0, StartBugReporterOnCrash: 0, Is64bit: 1, IsPro: 0

 COMMAND LINE ARGUMENTS:
C:\Program Files\Unity\Hub\Editor\2020.3.11f1\Editor\Unity.exe
-adb2
-batchMode
-noUpm
-name
AssetImportWorker0
-projectPath
D:/UnityGames/Jetride
-logFile
Logs/AssetImportWorker0.log
-srvPort
61183
Successfully changed project path to: D:/UnityGames/Jetride
D:/UnityGames/Jetride
Using Asset Import Pipeline V2.
Refreshing native plugins compatible for Editor in 54.35 ms, found 3 plugins.
Preloading 0 native plugins for Editor in 0.00 ms.
Initialize engine version: 2020.3.11f1 (99c7afb366b3)
[Subsystems] Discovering subsystems at path C:/Program Files/Unity/Hub/Editor/2020.3.11f1/Editor/Data/Resources/UnitySubsystems
[Subsystems] Discovering subsystems at path D:/UnityGames/Jetride/Assets
GfxDevice: creating device client; threaded=0
Direct3D:
    Version:  Direct3D 11.0 [level 11.0]
    Renderer: NVIDIA GeForce GT 710 (ID=0x128b)
    Vendor:   
    VRAM:     984 MB
    Driver:   27.21.14.6647
Initialize mono
Mono path[0] = 'C:/Program Files/Unity/Hub/Editor/2020.3.11f1/Editor/Data/Managed'
Mono path[1] = 'C:/Program Files/Unity/Hub/Editor/2020.3.11f1/Editor/Data/MonoBleedingEdge/lib/mono/unityjit'
Mono config path = 'C:/Program Files/Unity/Hub/Editor/2020.3.11f1/Editor/Data/MonoBleedingEdge/etc'
Using monoOptions --debugger-agent=transport=dt_socket,embedding=1,server=y,suspend=n,address=127.0.0.1:56820
Begin MonoManager ReloadAssembly
Registering precompiled unity dll's ...
Register platform support module: C:/Program Files/Unity/Hub/Editor/2020.3.11f1/Editor/Data/PlaybackEngines/WindowsStandaloneSupport/UnityEditor.WindowsStandalone.Extensions.dll
Registered in 0.002448 seconds.
Native extension for WindowsStandalone target not found
Refreshing native plugins compatible for Editor in 52.49 ms, found 3 plugins.
Preloading 0 native plugins for Editor in 0.00 ms.
Mono: successfully reloaded assembly
- Completed reload, in  2.137 seconds
Platform modules already initialized, skipping
Registering precompiled user dll's ...
Registered in 0.004337 seconds.
Begin MonoManager ReloadAssembly
Native extension for WindowsStandalone target not found
Refreshing native plugins compatible for Editor in 50.31 ms, found 3 plugins.
Preloading 0 native plugins for Editor in 0.00 ms.
Mono: successfully reloaded assembly
- Completed reload, in  1.213 seconds
Platform modules already initialized, skipping
========================================================================
Worker process is ready to serve import requests
Launched and connected shader compiler UnityShaderCompiler.exe after 0.05 seconds
Refreshing native plugins compatible for Editor in 0.55 ms, found 3 plugins.
Preloading 0 native plugins for Editor in 0.00 ms.
Unloading 2102 Unused Serialized files (Serialized files now loaded: 0)
System memory in use before: 93.5 MB.
System memory in use after: 93.5 MB.

Unloading 33 unused Assets to reduce memory usage. Loaded Objects now: 2537.
Total: 2.589000 ms (FindLiveObjects: 0.229900 ms CreateObjectMapping: 0.049900 ms MarkObjects: 2.160500 ms  DeleteObjects: 0.146900 ms)

========================================================================
Received Import Request.
  path: Assets/Scripts/WaveSpawner.cs
  artifactKey: Guid(51572fbd210a6e64791ec58744815c87) Importer(815301076,1909f56bfc062723c751e8b465ee728b)
Start importing Assets/Scripts/WaveSpawner.cs using Guid(51572fbd210a6e64791ec58744815c87) Importer(815301076,1909f56bfc062723c751e8b465ee728b)  -> (artifact id: '9adea8116e8a212600ad838c457800a3') in 0.039106 seconds
  Import took 0.042329 seconds .

========================================================================
Received Prepare
Registering precompiled user dll's ...
Registered in 0.005942 seconds.
Begin MonoManager ReloadAssembly
Native extension for WindowsStandalone target not found
Refreshing native plugins compatible for Editor in 0.51 ms, found 3 plugins.
Preloading 0 native plugins for Editor in 0.00 ms.
Mono: successfully reloaded assembly
- Completed reload, in  1.140 seconds
Platform modules already initialized, skipping
Refreshing native plugins compatible for Editor in 0.51 ms, found 3 plugins.
Preloading 0 native plugins for Editor in 0.00 ms.
Unloading 2097 Unused Serialized files (Serialized files now loaded: 0)
System memory in use before: 93.5 MB.
System memory in use after: 93.4 MB.

Unloading 21 unused Assets to reduce memory usage. Loaded Objects now: 2541.
Total: 2.349400 ms (FindLiveObjects: 0.194800 ms CreateObjectMapping: 0.048900 ms MarkObjects: 1.995800 ms  DeleteObjects: 0.109100 ms)

========================================================================
Received Import Request.
  Time since last request: 2281.684796 seconds.
  path: Assets/Scripts/WaveSpawner.cs
  artifactKey: Guid(51572fbd210a6e64791ec58744815c87) Importer(815301076,1909f56bfc062723c751e8b465ee728b)
Start importing Assets/Scripts/WaveSpawner.cs using Guid(51572fbd210a6e64791ec58744815c87) Importer(815301076,1909f56bfc062723c751e8b465ee728b)  -> (artifact id: '3f5cfb285b7ffed013ec28507afd1c0e') in 0.004913 seconds
  Import took 0.007890 seconds .

========================================================================
Received Prepare
Registering precompiled user dll's ...
Registered in 0.004358 seconds.
Begin MonoManager ReloadAssembly
Native extension for WindowsStandalone target not found
Refreshing native plugins compatible for Editor in 0.52 ms, found 3 plugins.
Preloading 0 native plugins for Editor in 0.00 ms.
Mono: successfully reloaded assembly
- Completed reload, in  1.094 seconds
Platform modules already initialized, skipping
Refreshing native plugins compatible for Editor in 0.51 ms, found 3 plugins.
Preloading 0 native plugins for Editor in 0.00 ms.
Unloading 2097 Unused Serialized files (Serialized files now loaded: 0)
System memory in use before: 93.5 MB.
System memory in use after: 93.5 MB.

Unloading 21 unused Assets to reduce memory usage. Loaded Objects now: 2545.
Total: 2.490200 ms (FindLiveObjects: 0.201600 ms CreateObjectMapping: 0.049800 ms MarkObjects: 2.121500 ms  DeleteObjects: 0.116000 ms)

========================================================================
Received Prepare
Registering precompiled user dll's ...
Registered in 0.004312 seconds.
Begin MonoManager ReloadAssembly
Native extension for WindowsStandalone target not found
Refreshing native plugins compatible for Editor in 0.50 ms, found 3 plugins.
Preloading 0 native plugins for Editor in 0.00 ms.
Mono: successfully reloaded assembly
- Completed reload, in  1.088 seconds
Platform modules already initialized, skipping
Refreshing native plugins compatible for Editor in 0.65 ms, found 3 plugins.
Preloading 0 native plugins for Editor in 0.00 ms.
Unloading 2097 Unused Serialized files (Serialized files now loaded: 0)
System memory in use before: 93.5 MB.
System memory in use after: 93.5 MB.

Unloading 21 unused Assets to reduce memory usage. Loaded Objects now: 2549.
Total: 2.212900 ms (FindLiveObjects: 0.195200 ms CreateObjectMapping: 0.050200 ms MarkObjects: 1.858700 ms  DeleteObjects: 0.107800 ms)

========================================================================
Received Import Request.
  Time since last request: 316.692511 seconds.
  path: ProjectSettings/TagManager.asset
  artifactKey: Guid(00000000000000003000000000000000) Importer(815301076,1909f56bfc062723c751e8b465ee728b)
Start importing ProjectSettings/TagManager.asset using Guid(00000000000000003000000000000000) Importer(815301076,1909f56bfc062723c751e8b465ee728b)  -> (artifact id: 'd343360606df824de755c8cd52397566') in 0.023006 seconds
  Import took 0.026873 seconds .

========================================================================
Received Prepare
Registering precompiled user dll's ...
Registered in 0.004350 seconds.
Begin MonoManager ReloadAssembly
Native extension for WindowsStandalone target not found
Refreshing native plugins compatible for Editor in 0.54 ms, found 3 plugins.
Preloading 0 native plugins for Editor in 0.00 ms.
Mono: successfully reloaded assembly
- Completed reload, in  1.114 seconds
Platform modules already initialized, skipping
Refreshing native plugins compatible for Editor in 0.65 ms, found 3 plugins.
Preloading 0 native plugins for Editor in 0.00 ms.
Unloading 2097 Unused Serialized files (Serialized files now loaded: 0)
System memory in use before: 93.6 MB.
System memory in use after: 93.5 MB.

Unloading 22 unused Assets to reduce memory usage. Loaded Objects now: 2553.
Total: 2.367300 ms (FindLiveObjects: 0.191600 ms CreateObjectMapping: 0.048800 ms MarkObjects: 2.002200 ms  DeleteObjects: 0.123700 ms)

========================================================================
Received Prepare
Registering precompiled user dll's ...
Registered in 0.004225 seconds.
Begin MonoManager ReloadAssembly
Native extension for WindowsStandalone target not found
Refreshing native plugins compatible for Editor in 0.58 ms, found 3 plugins.
Preloading 0 native plugins for Editor in 0.00 ms.
Mono: successfully reloaded assembly
- Completed reload, in  1.111 seconds
Platform modules already initialized, skipping
Refreshing native plugins compatible for Editor in 0.51 ms, found 3 plugins.
Preloading 0 native plugins for Editor in 0.00 ms.
Unloading 2097 Unused Serialized files (Serialized files now loaded: 0)
System memory in use before: 93.6 MB.
System memory in use after: 93.6 MB.

Unloading 21 unused Assets to reduce memory usage. Loaded Objects now: 2557.
Total: 2.334300 ms (FindLiveObjects: 0.188600 ms CreateObjectMapping: 0.047500 ms MarkObjects: 1.977900 ms  DeleteObjects: 0.119300 ms)

========================================================================
Received Prepare
Registering precompiled user dll's ...
Registered in 0.004562 seconds.
Begin MonoManager ReloadAssembly
Native extension for WindowsStandalone target not found
Refreshing native plugins compatible for Editor in 0.52 ms, found 3 plugins.
Preloading 0 native plugins for Editor in 0.00 ms.
Mono: successfully reloaded assembly
- Completed reload, in  1.096 seconds
Platform modules already initialized, skipping
Refreshing native plugins compatible for Editor in 0.50 ms, found 3 plugins.
Preloading 0 native plugins for Editor in 0.00 ms.
Unloading 2097 Unused Serialized files (Serialized files now loaded: 0)
System memory in use before: 93.6 MB.
System memory in use after: 93.6 MB.

Unloading 21 unused Assets to reduce memory usage. Loaded Objects now: 2561.
Total: 2.404300 ms (FindLiveObjects: 0.202600 ms CreateObjectMapping: 0.048200 ms MarkObjects: 2.032100 ms  DeleteObjects: 0.120500 ms)

========================================================================
Received Prepare
Registering precompiled user dll's ...
Registered in 0.004593 seconds.
Begin MonoManager ReloadAssembly
Native extension for WindowsStandalone target not found
Refreshing native plugins compatible for Editor in 0.51 ms, found 3 plugins.
Preloading 0 native plugins for Editor in 0.00 ms.
Mono: successfully reloaded assembly
- Completed reload, in  1.077 seconds
Platform modules already initialized, skipping
Refreshing native plugins compatible for Editor in 0.51 ms, found 3 plugins.
Preloading 0 native plugins for Editor in 0.00 ms.
Unloading 2097 Unused Serialized files (Serialized files now loaded: 0)
System memory in use before: 93.6 MB.
System memory in use after: 93.6 MB.

Unloading 21 unused Assets to reduce memory usage. Loaded Objects now: 2565.
Total: 2.227700 ms (FindLiveObjects: 0.198600 ms CreateObjectMapping: 0.052000 ms MarkObjects: 1.864800 ms  DeleteObjects: 0.111400 ms)

========================================================================
Received Prepare
Registering precompiled user dll's ...
Registered in 0.005881 seconds.
Begin MonoManager ReloadAssembly
Native extension for WindowsStandalone target not found
Refreshing native plugins compatible for Editor in 1.07 ms, found 3 plugins.
Preloading 0 native plugins for Editor in 0.00 ms.
Mono: successfully reloaded assembly
- Completed reload, in  1.075 seconds
Platform modules already initialized, skipping
Refreshing native plugins compatible for Editor in 0.52 ms, found 3 plugins.
Preloading 0 native plugins for Editor in 0.00 ms.
Unloading 2097 Unused Serialized files (Serialized files now loaded: 0)
System memory in use before: 93.6 MB.
System memory in use after: 93.6 MB.

Unloading 21 unused Assets to reduce memory usage. Loaded Objects now: 2569.
Total: 2.224300 ms (FindLiveObjects: 0.189700 ms CreateObjectMapping: 0.051700 ms MarkObjects: 1.870400 ms  DeleteObjects: 0.111100 ms)

========================================================================
Received Prepare
Registering precompiled user dll's ...
Registered in 0.004237 seconds.
Begin MonoManager ReloadAssembly
Native extension for WindowsStandalone target not found
Refreshing native plugins compatible for Editor in 0.52 ms, found 3 plugins.
Preloading 0 native plugins for Editor in 0.00 ms.
Mono: successfully reloaded assembly
- Completed reload, in  1.072 seconds
Platform modules already initialized, skipping
Refreshing native plugins compatible for Editor in 0.50 ms, found 3 plugins.
Preloading 0 native plugins for Editor in 0.00 ms.
Unloading 2097 Unused Serialized files (Serialized files now loaded: 0)
System memory in use before: 93.6 MB.
System memory in use after: 93.6 MB.

Unloading 21 unused Assets to reduce memory usage. Loaded Objects now: 2573.
Total: 2.256300 ms (FindLiveObjects: 0.194400 ms CreateObjectMapping: 0.050800 ms MarkObjects: 1.898800 ms  DeleteObjects: 0.111100 ms)

========================================================================
Received Prepare
Registering precompiled user dll's ...
Registered in 0.004180 seconds.
Begin MonoManager ReloadAssembly
Native extension for WindowsStandalone target not found
Refreshing native plugins compatible for Editor in 0.72 ms, found 3 plugins.
Preloading 0 native plugins for Editor in 0.00 ms.
Mono: successfully reloaded assembly
- Completed reload, in  1.091 seconds
Platform modules already initialized, skipping
Refreshing native plugins compatible for Editor in 0.52 ms, found 3 plugins.
Preloading 0 native plugins for Editor in 0.00 ms.
Unloading 2097 Unused Serialized files (Serialized files now loaded: 0)
System memory in use before: 93.6 MB.
System memory in use after: 93.6 MB.

Unloading 21 unused Assets to reduce memory usage. Loaded Objects now: 2577.
Total: 2.243500 ms (FindLiveObjects: 0.193300 ms CreateObjectMapping: 0.049600 ms MarkObjects: 1.887100 ms  DeleteObjects: 0.112500 ms)

========================================================================
Received Prepare
Registering precompiled user dll's ...
Registered in 0.005443 seconds.
Begin MonoManager ReloadAssembly
Native extension for WindowsStandalone target not found
Refreshing native plugins compatible for Editor in 0.52 ms, found 3 plugins.
Preloading 0 native plugins for Editor in 0.00 ms.
Mono: successfully reloaded assembly
- Completed reload, in  1.189 seconds
Platform modules already initialized, skipping
Refreshing native plugins compatible for Editor in 0.53 ms, found 3 plugins.
Preloading 0 native plugins for Editor in 0.00 ms.
Unloading 2097 Unused Serialized files (Serialized files now loaded: 0)
System memory in use before: 93.6 MB.
System memory in use after: 93.6 MB.

Unloading 21 unused Assets to reduce memory usage. Loaded Objects now: 2581.
Total: 2.568100 ms (FindLiveObjects: 0.212300 ms CreateObjectMapping: 0.052300 ms MarkObjects: 2.182700 ms  DeleteObjects: 0.119000 ms)

========================================================================
Received Prepare
Registering precompiled user dll's ...
Registered in 0.004280 seconds.
Begin MonoManager ReloadAssembly
Native extension for WindowsStandalone target not found
Refreshing native plugins compatible for Editor in 0.51 ms, found 3 plugins.
Preloading 0 native plugins for Editor in 0.00 ms.
Mono: successfully reloaded assembly
- Completed reload, in  1.045 seconds
Platform modules already initialized, skipping
Refreshing native plugins compatible for Editor in 0.83 ms, found 3 plugins.
Preloading 0 native plugins for Editor in 0.00 ms.
Unloading 2097 Unused Serialized files (Serialized files now loaded: 0)
System memory in use before: 93.6 MB.
System memory in use after: 93.6 MB.

Unloading 21 unused Assets to reduce memory usage. Loaded Objects now: 2585.
Total: 2.272000 ms (FindLiveObjects: 0.221800 ms CreateObjectMapping: 0.050300 ms MarkObjects: 1.881500 ms  DeleteObjects: 0.117100 ms)

========================================================================
Received Prepare
Registering precompiled user dll's ...
Registered in 0.004724 seconds.
Begin MonoManager ReloadAssembly
Native extension for WindowsStandalone target not found
Refreshing native plugins compatible for Editor in 0.53 ms, found 3 plugins.
Preloading 0 native plugins for Editor in 0.00 ms.
Mono: successfully reloaded assembly
- Completed reload, in  1.060 seconds
Platform modules already initialized, skipping
Refreshing native plugins compatible for Editor in 0.53 ms, found 3 plugins.
Preloading 0 native plugins for Editor in 0.00 ms.
Unloading 2097 Unused Serialized files (Serialized files now loaded: 0)
System memory in use before: 93.6 MB.
System memory in use after: 93.6 MB.

Unloading 21 unused Assets to reduce memory usage. Loaded Objects now: 2589.
Total: 2.756700 ms (FindLiveObjects: 0.214900 ms CreateObjectMapping: 0.049400 ms MarkObjects: 2.370400 ms  DeleteObjects: 0.120700 ms)

========================================================================
Received Prepare
Registering precompiled user dll's ...
Registered in 0.004181 seconds.
Begin MonoManager ReloadAssembly
Native extension for WindowsStandalone target not found
Refreshing native plugins compatible for Editor in 0.51 ms, found 3 plugins.
Preloading 0 native plugins for Editor in 0.00 ms.
Mono: successfully reloaded assembly
- Completed reload, in  1.080 seconds
Platform modules already initialized, skipping
Refreshing native plugins compatible for Editor in 0.52 ms, found 3 plugins.
Preloading 0 native plugins for Editor in 0.00 ms.
Unloading 2097 Unused Serialized files (Serialized files now loaded: 0)
System memory in use before: 93.7 MB.
System memory in use after: 93.6 MB.

Unloading 21 unused Assets to reduce memory usage. Loaded Objects now: 2593.
Total: 2.490000 ms (FindLiveObjects: 0.198900 ms CreateObjectMapping: 0.050600 ms MarkObjects: 2.126200 ms  DeleteObjects: 0.112700 ms)

========================================================================
Received Prepare
Registering precompiled user dll's ...
Registered in 0.004248 seconds.
Begin MonoManager ReloadAssembly
Native extension for WindowsStandalone target not found
Refreshing native plugins compatible for Editor in 0.52 ms, found 3 plugins.
Preloading 0 native plugins for Editor in 0.00 ms.
Mono: successfully reloaded assembly
- Completed reload, in  1.077 seconds
Platform modules already initialized, skipping
Refreshing native plugins compatible for Editor in 0.50 ms, found 3 plugins.
Preloading 0 native plugins for Editor in 0.00 ms.
Unloading 2097 Unused Serialized files (Serialized files now loaded: 0)
System memory in use before: 93.7 MB.
System memory in use after: 93.6 MB.

Unloading 21 unused Assets to reduce memory usage. Loaded Objects now: 2597.
Total: 2.247400 ms (FindLiveObjects: 0.199500 ms CreateObjectMapping: 0.052700 ms MarkObjects: 1.883000 ms  DeleteObjects: 0.111100 ms)

========================================================================
Received Prepare
Registering precompiled user dll's ...
Registered in 0.004427 seconds.
Begin MonoManager ReloadAssembly
Native extension for WindowsStandalone target not found
Refreshing native plugins compatible for Editor in 0.53 ms, found 3 plugins.
Preloading 0 native plugins for Editor in 0.00 ms.
Mono: successfully reloaded assembly
- Completed reload, in  1.050 seconds
Platform modules already initialized, skipping
Refreshing native plugins compatible for Editor in 0.51 ms, found 3 plugins.
Preloading 0 native plugins for Editor in 0.00 ms.
Unloading 2097 Unused Serialized files (Serialized files now loaded: 0)
System memory in use before: 93.7 MB.
System memory in use after: 93.7 MB.

Unloading 21 unused Assets to reduce memory usage. Loaded Objects now: 2601.
Total: 2.228900 ms (FindLiveObjects: 0.188900 ms CreateObjectMapping: 0.049100 ms MarkObjects: 1.882500 ms  DeleteObjects: 0.107600 ms)

========================================================================
Received Prepare
Registering precompiled user dll's ...
Registered in 0.004306 seconds.
Begin MonoManager ReloadAssembly
Native extension for WindowsStandalone target not found
Refreshing native plugins compatible for Editor in 0.51 ms, found 3 plugins.
Preloading 0 native plugins for Editor in 0.00 ms.
Mono: successfully reloaded assembly
- Completed reload, in  1.052 seconds
Platform modules already initialized, skipping
Refreshing native plugins compatible for Editor in 0.52 ms, found 3 plugins.
Preloading 0 native plugins for Editor in 0.00 ms.
Unloading 2097 Unused Serialized files (Serialized files now loaded: 0)
System memory in use before: 93.7 MB.
System memory in use after: 93.7 MB.

Unloading 21 unused Assets to reduce memory usage. Loaded Objects now: 2605.
Total: 2.397500 ms (FindLiveObjects: 0.205700 ms CreateObjectMapping: 0.048800 ms MarkObjects: 2.022300 ms  DeleteObjects: 0.119600 ms)

========================================================================
Received Prepare
Registering precompiled user dll's ...
Registered in 0.004671 seconds.
Begin MonoManager ReloadAssembly
Native extension for WindowsStandalone target not found
Refreshing native plugins compatible for Editor in 0.51 ms, found 3 plugins.
Preloading 0 native plugins for Editor in 0.00 ms.
Mono: successfully reloaded assembly
- Completed reload, in  1.061 seconds
Platform modules already initialized, skipping
Refreshing native plugins compatible for Editor in 0.51 ms, found 3 plugins.
Preloading 0 native plugins for Editor in 0.00 ms.
Unloading 2097 Unused Serialized files (Serialized files now loaded: 0)
System memory in use before: 93.7 MB.
System memory in use after: 93.7 MB.

Unloading 21 unused Assets to reduce memory usage. Loaded Objects now: 2609.
Total: 2.293900 ms (FindLiveObjects: 0.207600 ms CreateObjectMapping: 0.048900 ms MarkObjects: 1.912400 ms  DeleteObjects: 0.124000 ms)

========================================================================
Received Prepare
Registering precompiled user dll's ...
Registered in 0.004223 seconds.
Begin MonoManager ReloadAssembly
Native extension for WindowsStandalone target not found
Refreshing native plugins compatible for Editor in 0.51 ms, found 3 plugins.
Preloading 0 native plugins for Editor in 0.00 ms.
Mono: successfully reloaded assembly
- Completed reload, in  1.071 seconds
Platform modules already initialized, skipping
Refreshing native plugins compatible for Editor in 0.81 ms, found 3 plugins.
Preloading 0 native plugins for Editor in 0.00 ms.
Unloading 2097 Unused Serialized files (Serialized files now loaded: 0)
System memory in use before: 93.7 MB.
System memory in use after: 93.7 MB.

Unloading 21 unused Assets to reduce memory usage. Loaded Objects now: 2613.
Total: 2.243100 ms (FindLiveObjects: 0.203600 ms CreateObjectMapping: 0.049900 ms MarkObjects: 1.873700 ms  DeleteObjects: 0.114600 ms)

========================================================================
Received Prepare
Registering precompiled user dll's ...
Registered in 0.004191 seconds.
Begin MonoManager ReloadAssembly
Native extension for WindowsStandalone target not found
Refreshing native plugins compatible for Editor in 0.51 ms, found 3 plugins.
Preloading 0 native plugins for Editor in 0.00 ms.
Mono: successfully reloaded assembly
- Completed reload, in  1.056 seconds
Platform modules already initialized, skipping
Refreshing native plugins compatible for Editor in 0.51 ms, found 3 plugins.
Preloading 0 native plugins for Editor in 0.00 ms.
Unloading 2097 Unused Serialized files (Serialized files now loaded: 0)
System memory in use before: 93.7 MB.
System memory in use after: 93.7 MB.

Unloading 21 unused Assets to reduce memory usage. Loaded Objects now: 2617.
Total: 2.321400 ms (FindLiveObjects: 0.197300 ms CreateObjectMapping: 0.049800 ms MarkObjects: 1.959500 ms  DeleteObjects: 0.114000 ms)

========================================================================
Received Prepare
Registering precompiled user dll's ...
Registered in 0.004252 seconds.
Begin MonoManager ReloadAssembly
Native extension for WindowsStandalone target not found
Refreshing native plugins compatible for Editor in 0.51 ms, found 3 plugins.
Preloading 0 native plugins for Editor in 0.00 ms.
Mono: successfully reloaded assembly
- Completed reload, in  1.056 seconds
Platform modules already initialized, skipping
Refreshing native plugins compatible for Editor in 0.52 ms, found 3 plugins.
Preloading 0 native plugins for Editor in 0.00 ms.
Unloading 2097 Unused Serialized files (Serialized files now loaded: 0)
System memory in use before: 93.7 MB.
System memory in use after: 93.7 MB.

Unloading 21 unused Assets to reduce memory usage. Loaded Objects now: 2621.
Total: 2.271700 ms (FindLiveObjects: 0.197800 ms CreateObjectMapping: 0.050700 ms MarkObjects: 1.906000 ms  DeleteObjects: 0.116200 ms)

========================================================================
Received Import Request.
  Time since last request: 1538.553905 seconds.
  path: Assets/Player/New Knight/Demo/DemoPrefab/Canvas.prefab
  artifactKey: Guid(2e1151cbd0a77a847ab536b0f05cb03c) Importer(815301076,1909f56bfc062723c751e8b465ee728b)
Start importing Assets/Player/New Knight/Demo/DemoPrefab/Canvas.prefab using Guid(2e1151cbd0a77a847ab536b0f05cb03c) Importer(815301076,1909f56bfc062723c751e8b465ee728b)  -> (artifact id: '880453bfe7421c69baf0e1cdf6a72255') in 0.051249 seconds
  Import took 0.054751 seconds .

========================================================================
Received Import Request.
  Time since last request: 0.000205 seconds.
  path: Assets/Player/New Knight/3.Prefab/sword_man.prefab
  artifactKey: Guid(6877fb649746c674d8fbbcf60d41892b) Importer(815301076,1909f56bfc062723c751e8b465ee728b)
Start importing Assets/Player/New Knight/3.Prefab/sword_man.prefab using Guid(6877fb649746c674d8fbbcf60d41892b) Importer(815301076,1909f56bfc062723c751e8b465ee728b)  -> (artifact id: '78030da075351d234b958102ca990cbe') in 0.087981 seconds
  Import took 0.091452 seconds .

========================================================================
Received Import Request.
  Time since last request: 0.000180 seconds.
  path: Assets/Player/New Knight/Demo/Pallet/Soil.prefab
  artifactKey: Guid(26623e9723fed51408979b691935514d) Importer(815301076,1909f56bfc062723c751e8b465ee728b)
Start importing Assets/Player/New Knight/Demo/Pallet/Soil.prefab using Guid(26623e9723fed51408979b691935514d) Importer(815301076,1909f56bfc062723c751e8b465ee728b)  -> (artifact id: 'c2e460faea232abb3a2d3909852f41cb') in 0.014785 seconds
  Import took 0.018048 seconds .

========================================================================
Received Import Request.
  Time since last request: 0.000207 seconds.
  path: Assets/Player/New Knight/Demo/DemoPrefab/Player_SwordMan 1.prefab
  artifactKey: Guid(59aed4361b339e2458cdb2733b0a8ab6) Importer(815301076,1909f56bfc062723c751e8b465ee728b)
Start importing Assets/Player/New Knight/Demo/DemoPrefab/Player_SwordMan 1.prefab using Guid(59aed4361b339e2458cdb2733b0a8ab6) Importer(815301076,1909f56bfc062723c751e8b465ee728b)  -> (artifact id: '4e77b4a0943781a94d97b6574c81374c') in 0.028846 seconds
  Import took 0.032819 seconds .

========================================================================
Received Import Request.
  Time since last request: 110.816898 seconds.
  path: Assets/Player/New Knight/Demo/Pallet/Light_Soil_Sample_370.asset
  artifactKey: Guid(eb8278d05f88a1d4992fe9f424afe022) Importer(815301076,1909f56bfc062723c751e8b465ee728b)
Start importing Assets/Player/New Knight/Demo/Pallet/Light_Soil_Sample_370.asset using Guid(eb8278d05f88a1d4992fe9f424afe022) Importer(815301076,1909f56bfc062723c751e8b465ee728b)  -> (artifact id: '44745ce1461828fe1683b224ff42bacf') in 0.052236 seconds
  Import took 0.055518 seconds .

========================================================================
Received Import Request.
  Time since last request: 0.000189 seconds.
  path: Assets/Player/New Knight/Demo/Pallet/Light_Soil_Sample_382.asset
  artifactKey: Guid(ef91683b75f8b834db28ce9e22fd1f1f) Importer(815301076,1909f56bfc062723c751e8b465ee728b)
Start importing Assets/Player/New Knight/Demo/Pallet/Light_Soil_Sample_382.asset using Guid(ef91683b75f8b834db28ce9e22fd1f1f) Importer(815301076,1909f56bfc062723c751e8b465ee728b)  -> (artifact id: '65efc8947f6f810ba81453865d8d4b58') in 0.026371 seconds
  Import took 0.029767 seconds .

========================================================================
Received Import Request.
  Time since last request: 0.000201 seconds.
  path: Assets/Player/New Knight/Demo/Pallet/Light_Soil_Sample_375.asset
  artifactKey: Guid(9ed6fac11879d7649ab2fc89737fe187) Importer(815301076,1909f56bfc062723c751e8b465ee728b)
Start importing Assets/Player/New Knight/Demo/Pallet/Light_Soil_Sample_375.asset using Guid(9ed6fac11879d7649ab2fc89737fe187) Importer(815301076,1909f56bfc062723c751e8b465ee728b)  -> (artifact id: '0bdac9a6561e48ae4d69dd406f72f9e9') in 0.044295 seconds
  Import took 0.048147 seconds .

========================================================================
Received Import Request.
  Time since last request: 0.000209 seconds.
  path: Assets/Player/New Knight/Demo/Pallet/Light_Soil_Sample_380.asset
  artifactKey: Guid(15d0c50c43f245f40a7eb0072d8b17c0) Importer(815301076,1909f56bfc062723c751e8b465ee728b)
Start importing Assets/Player/New Knight/Demo/Pallet/Light_Soil_Sample_380.asset using Guid(15d0c50c43f245f40a7eb0072d8b17c0) Importer(815301076,1909f56bfc062723c751e8b465ee728b)  -> (artifact id: '62ab5be06aff3900631d6823fadf59d3') in 0.022892 seconds
  Import took 0.026468 seconds .

========================================================================
Received Import Request.
  Time since last request: 0.000231 seconds.
  path: Assets/Player/New Knight/Demo/Pallet/Light_Soil_Sample_373.asset
  artifactKey: Guid(95b8937f50e42544b8171a6bf5cfcea5) Importer(815301076,1909f56bfc062723c751e8b465ee728b)
Start importing Assets/Player/New Knight/Demo/Pallet/Light_Soil_Sample_373.asset using Guid(95b8937f50e42544b8171a6bf5cfcea5) Importer(815301076,1909f56bfc062723c751e8b465ee728b)  -> (artifact id: 'd7529c3651382306de38c6b463895ac1') in 0.024539 seconds
  Import took 0.028290 seconds .

========================================================================
Received Import Request.
  Time since last request: 0.000217 seconds.
  path: Assets/Player/New Knight/Demo/Pallet/Light_Soil_Sample_381.asset
  artifactKey: Guid(a8f31c854a012d9468baf5a574a510e8) Importer(815301076,1909f56bfc062723c751e8b465ee728b)
Start importing Assets/Player/New Knight/Demo/Pallet/Light_Soil_Sample_381.asset using Guid(a8f31c854a012d9468baf5a574a510e8) Importer(815301076,1909f56bfc062723c751e8b465ee728b)  -> (artifact id: 'be8f19b131eb51c481cf20ded079b47d') in 0.021331 seconds
  Import took 0.025518 seconds .

========================================================================
Received Import Request.
  Time since last request: 0.000212 seconds.
  path: Assets/Player/New Knight/Demo/Pallet/Light_Soil_Sample_385.asset
  artifactKey: Guid(4778e8b24237fef4981d6b9c3659fa36) Importer(815301076,1909f56bfc062723c751e8b465ee728b)
Start importing Assets/Player/New Knight/Demo/Pallet/Light_Soil_Sample_385.asset using Guid(4778e8b24237fef4981d6b9c3659fa36) Importer(815301076,1909f56bfc062723c751e8b465ee728b)  -> (artifact id: '8e7da40d09be5edcd45e264bf708f1e9') in 0.023518 seconds
  Import took 0.027246 seconds .

========================================================================
Received Import Request.
  Time since last request: 0.000211 seconds.
  path: Assets/Player/New Knight/Demo/Pallet/Light_Soil_Sample_383.asset
  artifactKey: Guid(5202a5a80bbbb014f96c74b299849824) Importer(815301076,1909f56bfc062723c751e8b465ee728b)
Start importing Assets/Player/New Knight/Demo/Pallet/Light_Soil_Sample_383.asset using Guid(5202a5a80bbbb014f96c74b299849824) Importer(815301076,1909f56bfc062723c751e8b465ee728b)  -> (artifact id: '007ceec50566fb46e2f53c0bc3741703') in 0.030603 seconds
  Import took 0.034197 seconds .

========================================================================
Received Import Request.
  Time since last request: 0.000195 seconds.
  path: Assets/Player/New Knight/Demo/Pallet/Light_Soil_Sample_377.asset
  artifactKey: Guid(a0651d470e87663498065208c6915433) Importer(815301076,1909f56bfc062723c751e8b465ee728b)
Start importing Assets/Player/New Knight/Demo/Pallet/Light_Soil_Sample_377.asset using Guid(a0651d470e87663498065208c6915433) Importer(815301076,1909f56bfc062723c751e8b465ee728b)  -> (artifact id: '6c79d9533be59125d200a34cfdc9e424') in 0.018207 seconds
  Import took 0.021615 seconds .

========================================================================
Received Import Request.
  Time since last request: 0.000210 seconds.
  path: Assets/Player/New Knight/Demo/Pallet/Light_Soil_Sample_384.asset
  artifactKey: Guid(8836bd19d7a58e44ea9dd44deda8d553) Importer(815301076,1909f56bfc062723c751e8b465ee728b)
Start importing Assets/Player/New Knight/Demo/Pallet/Light_Soil_Sample_384.asset using Guid(8836bd19d7a58e44ea9dd44deda8d553) Importer(815301076,1909f56bfc062723c751e8b465ee728b)  -> (artifact id: '86988e4d425a839224e2dd3d0d5ef32b') in 0.016595 seconds
  Import took 0.020053 seconds .

========================================================================
Received Import Request.
  Time since last request: 0.000178 seconds.
  path: Assets/Player/New Knight/Demo/Pallet/Light_Soil_Sample_379.asset
  artifactKey: Guid(b466690f28997b44f9e754de553bfe84) Importer(815301076,1909f56bfc062723c751e8b465ee728b)
Start importing Assets/Player/New Knight/Demo/Pallet/Light_Soil_Sample_379.asset using Guid(b466690f28997b44f9e754de553bfe84) Importer(815301076,1909f56bfc062723c751e8b465ee728b)  -> (artifact id: '1424f0494f57ddb0a62cbeb39c616991') in 0.016084 seconds
  Import took 0.019199 seconds .

========================================================================
Received Import Request.
  Time since last request: 0.000165 seconds.
  path: Assets/Player/New Knight/Demo/Pallet/Light_Soil_Sample_371.asset
  artifactKey: Guid(a8441342ceb73794dae5c3b92b6496aa) Importer(815301076,1909f56bfc062723c751e8b465ee728b)
Start importing Assets/Player/New Knight/Demo/Pallet/Light_Soil_Sample_371.asset using Guid(a8441342ceb73794dae5c3b92b6496aa) Importer(815301076,1909f56bfc062723c751e8b465ee728b)  -> (artifact id: '6a5b96abd06ff822f0024bdf2b02e16c') in 0.016654 seconds
  Import took 0.019588 seconds .

========================================================================
Received Import Request.
  Time since last request: 0.000187 seconds.
  path: Assets/Player/New Knight/Demo/Pallet/Light_Soil_Sample_376.asset
  artifactKey: Guid(d4151d11aba4cd246be91339092e84f3) Importer(815301076,1909f56bfc062723c751e8b465ee728b)
Start importing Assets/Player/New Knight/Demo/Pallet/Light_Soil_Sample_376.asset using Guid(d4151d11aba4cd246be91339092e84f3) Importer(815301076,1909f56bfc062723c751e8b465ee728b)  -> (artifact id: '7978429cd4a93bac3584e917a35563fc') in 0.017633 seconds
  Import took 0.020939 seconds .

========================================================================
Received Import Request.
  Time since last request: 0.000196 seconds.
  path: Assets/Player/New Knight/Demo/Pallet/Light_Soil_Sample_378.asset
  artifactKey: Guid(419f8bb8d34ec264e82c5c794dd6a4f8) Importer(815301076,1909f56bfc062723c751e8b465ee728b)
Start importing Assets/Player/New Knight/Demo/Pallet/Light_Soil_Sample_378.asset using Guid(419f8bb8d34ec264e82c5c794dd6a4f8) Importer(815301076,1909f56bfc062723c751e8b465ee728b)  -> (artifact id: '02c010af137e99f12669ad9ce9c17ae9') in 0.018154 seconds
  Import took 0.021253 seconds .

========================================================================
Received Import Request.
  Time since last request: 0.000189 seconds.
  path: Assets/Player/New Knight/Demo/Pallet/Light_Soil_Sample_374.asset
  artifactKey: Guid(4eba440f56680e1449d2f6b266a2a28d) Importer(815301076,1909f56bfc062723c751e8b465ee728b)
Start importing Assets/Player/New Knight/Demo/Pallet/Light_Soil_Sample_374.asset using Guid(4eba440f56680e1449d2f6b266a2a28d) Importer(815301076,1909f56bfc062723c751e8b465ee728b)  -> (artifact id: 'c7b8390b856f71a3e57b8abd86ffd35e') in 0.017721 seconds
  Import took 0.020758 seconds .

========================================================================
Received Import Request.
  Time since last request: 0.000212 seconds.
  path: Assets/Player/New Knight/Demo/Pallet/Light_Soil_Sample_372.asset
  artifactKey: Guid(59c371103c014a04e8afce41544094df) Importer(815301076,1909f56bfc062723c751e8b465ee728b)
Start importing Assets/Player/New Knight/Demo/Pallet/Light_Soil_Sample_372.asset using Guid(59c371103c014a04e8afce41544094df) Importer(815301076,1909f56bfc062723c751e8b465ee728b)  -> (artifact id: '98b2a0cab617660c6f68ba5c112fc033') in 0.019340 seconds
  Import took 0.022646 seconds .

========================================================================
Received Import Request.
  Time since last request: 3.475206 seconds.
  path: Assets/Player/New Knight/Demo/Pallet/New Prefab.prefab
  artifactKey: Guid(4e497638c716cfa42bc1f6e0dcefb1b4) Importer(815301076,1909f56bfc062723c751e8b465ee728b)
Start importing Assets/Player/New Knight/Demo/Pallet/New Prefab.prefab using Guid(4e497638c716cfa42bc1f6e0dcefb1b4) Importer(815301076,1909f56bfc062723c751e8b465ee728b)  -> (artifact id: '3c26bc50b5df690c110108b6262aadfb') in 0.007714 seconds
  Import took 0.011005 seconds .

========================================================================
Received Import Request.
  Time since last request: 0.011162 seconds.
  path: Assets/Player/New Knight/Demo/Pallet/New Prefab.prefab
  artifactKey: Guid(4e497638c716cfa42bc1f6e0dcefb1b4) Importer(815301076,1909f56bfc062723c751e8b465ee728b)
Start importing Assets/Player/New Knight/Demo/Pallet/New Prefab.prefab using Guid(4e497638c716cfa42bc1f6e0dcefb1b4) Importer(815301076,1909f56bfc062723c751e8b465ee728b)  -> (artifact id: '3c26bc50b5df690c110108b6262aadfb') in 0.004075 seconds
  Import took 0.007368 seconds .

========================================================================
Received Import Request.
  Time since last request: 29.815875 seconds.
  path: Assets/Zombie/New Prefab.prefab
  artifactKey: Guid(4e497638c716cfa42bc1f6e0dcefb1b4) Importer(815301076,1909f56bfc062723c751e8b465ee728b)
Start importing Assets/Zombie/New Prefab.prefab using Guid(4e497638c716cfa42bc1f6e0dcefb1b4) Importer(815301076,1909f56bfc062723c751e8b465ee728b)  -> (artifact id: '9f41a3d569516d8be6dbf51de8b447d5') in 0.014906 seconds
  Import took 0.018287 seconds .

========================================================================
Received Import Request.
  Time since last request: 34.709332 seconds.
  path: Assets/Zombie/zombie_prefab.prefab
  artifactKey: Guid(4e497638c716cfa42bc1f6e0dcefb1b4) Importer(815301076,1909f56bfc062723c751e8b465ee728b)
Start importing Assets/Zombie/zombie_prefab.prefab using Guid(4e497638c716cfa42bc1f6e0dcefb1b4) Importer(815301076,1909f56bfc062723c751e8b465ee728b)  -> (artifact id: '462d782bfb1acd2f9c085d76e090401c') in 0.015179 seconds
  Import took 0.018703 seconds .

========================================================================
Received Prepare
Registering precompiled user dll's ...
Registered in 0.004197 seconds.
Begin MonoManager ReloadAssembly
Native extension for WindowsStandalone target not found
Refreshing native plugins compatible for Editor in 0.50 ms, found 3 plugins.
Preloading 0 native plugins for Editor in 0.00 ms.
Mono: successfully reloaded assembly
- Completed reload, in  1.059 seconds
Platform modules already initialized, skipping
Refreshing native plugins compatible for Editor in 0.52 ms, found 3 plugins.
Preloading 0 native plugins for Editor in 0.00 ms.
Unloading 2097 Unused Serialized files (Serialized files now loaded: 0)
System memory in use before: 97.0 MB.
System memory in use after: 97.0 MB.

Unloading 21 unused Assets to reduce memory usage. Loaded Objects now: 2637.
Total: 2.455000 ms (FindLiveObjects: 0.219900 ms CreateObjectMapping: 0.050800 ms MarkObjects: 2.066300 ms  DeleteObjects: 0.116700 ms)

========================================================================
Received Prepare
Registering precompiled user dll's ...
Registered in 0.004336 seconds.
Begin MonoManager ReloadAssembly
Native extension for WindowsStandalone target not found
Refreshing native plugins compatible for Editor in 0.52 ms, found 3 plugins.
Preloading 0 native plugins for Editor in 0.00 ms.
Mono: successfully reloaded assembly
- Completed reload, in  1.085 seconds
Platform modules already initialized, skipping
Refreshing native plugins compatible for Editor in 0.51 ms, found 3 plugins.
Preloading 0 native plugins for Editor in 0.00 ms.
Unloading 2097 Unused Serialized files (Serialized files now loaded: 0)
System memory in use before: 97.0 MB.
System memory in use after: 97.0 MB.

Unloading 21 unused Assets to reduce memory usage. Loaded Objects now: 2641.
Total: 2.275700 ms (FindLiveObjects: 0.201300 ms CreateObjectMapping: 0.048700 ms MarkObjects: 1.913600 ms  DeleteObjects: 0.111200 ms)

========================================================================
Received Prepare
Registering precompiled user dll's ...
Registered in 0.004246 seconds.
Begin MonoManager ReloadAssembly
Native extension for WindowsStandalone target not found
Refreshing native plugins compatible for Editor in 0.45 ms, found 3 plugins.
Preloading 0 native plugins for Editor in 0.00 ms.
Mono: successfully reloaded assembly
- Completed reload, in  1.054 seconds
Platform modules already initialized, skipping
Refreshing native plugins compatible for Editor in 0.51 ms, found 3 plugins.
Preloading 0 native plugins for Editor in 0.00 ms.
Unloading 2097 Unused Serialized files (Serialized files now loaded: 0)
System memory in use before: 97.0 MB.
System memory in use after: 97.0 MB.

Unloading 21 unused Assets to reduce memory usage. Loaded Objects now: 2645.
Total: 2.270200 ms (FindLiveObjects: 0.207100 ms CreateObjectMapping: 0.051600 ms MarkObjects: 1.891600 ms  DeleteObjects: 0.119000 ms)

========================================================================
Received Prepare
Registering precompiled user dll's ...
Registered in 0.004305 seconds.
Begin MonoManager ReloadAssembly
Native extension for WindowsStandalone target not found
Refreshing native plugins compatible for Editor in 0.52 ms, found 3 plugins.
Preloading 0 native plugins for Editor in 0.00 ms.
Mono: successfully reloaded assembly
- Completed reload, in  1.079 seconds
Platform modules already initialized, skipping
Refreshing native plugins compatible for Editor in 0.52 ms, found 3 plugins.
Preloading 0 native plugins for Editor in 0.00 ms.
Unloading 2097 Unused Serialized files (Serialized files now loaded: 0)
System memory in use before: 97.0 MB.
System memory in use after: 97.0 MB.

Unloading 21 unused Assets to reduce memory usage. Loaded Objects now: 2649.
Total: 2.264700 ms (FindLiveObjects: 0.216000 ms CreateObjectMapping: 0.050300 ms MarkObjects: 1.875600 ms  DeleteObjects: 0.121900 ms)

========================================================================
Received Prepare
Registering precompiled user dll's ...
Registered in 0.004237 seconds.
Begin MonoManager ReloadAssembly
Native extension for WindowsStandalone target not found
Refreshing native plugins compatible for Editor in 0.51 ms, found 3 plugins.
Preloading 0 native plugins for Editor in 0.00 ms.
Mono: successfully reloaded assembly
- Completed reload, in  1.065 seconds
Platform modules already initialized, skipping
Refreshing native plugins compatible for Editor in 0.53 ms, found 3 plugins.
Preloading 0 native plugins for Editor in 0.00 ms.
Unloading 2097 Unused Serialized files (Serialized files now loaded: 0)
System memory in use before: 97.0 MB.
System memory in use after: 97.0 MB.

Unloading 21 unused Assets to reduce memory usage. Loaded Objects now: 2653.
Total: 2.341200 ms (FindLiveObjects: 0.210700 ms CreateObjectMapping: 0.050500 ms MarkObjects: 1.948600 ms  DeleteObjects: 0.130500 ms)

========================================================================
Received Prepare
Registering precompiled user dll's ...
Registered in 0.004383 seconds.
Begin MonoManager ReloadAssembly
Native extension for WindowsStandalone target not found
Refreshing native plugins compatible for Editor in 0.51 ms, found 3 plugins.
Preloading 0 native plugins for Editor in 0.00 ms.
Mono: successfully reloaded assembly
- Completed reload, in  1.053 seconds
Platform modules already initialized, skipping
Refreshing native plugins compatible for Editor in 0.54 ms, found 3 plugins.
Preloading 0 native plugins for Editor in 0.00 ms.
Unloading 2097 Unused Serialized files (Serialized files now loaded: 0)
System memory in use before: 97.0 MB.
System memory in use after: 97.0 MB.

Unloading 21 unused Assets to reduce memory usage. Loaded Objects now: 2657.
Total: 2.566100 ms (FindLiveObjects: 0.219800 ms CreateObjectMapping: 0.052200 ms MarkObjects: 2.147400 ms  DeleteObjects: 0.145200 ms)

========================================================================
Received Prepare
Registering precompiled user dll's ...
Registered in 0.004308 seconds.
Begin MonoManager ReloadAssembly
Native extension for WindowsStandalone target not found
Refreshing native plugins compatible for Editor in 0.51 ms, found 3 plugins.
Preloading 0 native plugins for Editor in 0.00 ms.
Mono: successfully reloaded assembly
- Completed reload, in  1.093 seconds
Platform modules already initialized, skipping
Refreshing native plugins compatible for Editor in 0.53 ms, found 3 plugins.
Preloading 0 native plugins for Editor in 0.00 ms.
Unloading 2097 Unused Serialized files (Serialized files now loaded: 0)
System memory in use before: 97.1 MB.
System memory in use after: 97.0 MB.

Unloading 21 unused Assets to reduce memory usage. Loaded Objects now: 2661.
Total: 2.323200 ms (FindLiveObjects: 0.208900 ms CreateObjectMapping: 0.051200 ms MarkObjects: 1.943800 ms  DeleteObjects: 0.117800 ms)

========================================================================
Received Prepare
Registering precompiled user dll's ...
Registered in 0.004285 seconds.
Begin MonoManager ReloadAssembly
Native extension for WindowsStandalone target not found
Refreshing native plugins compatible for Editor in 0.51 ms, found 3 plugins.
Preloading 0 native plugins for Editor in 0.00 ms.
Mono: successfully reloaded assembly
- Completed reload, in  1.075 seconds
Platform modules already initialized, skipping
Refreshing native plugins compatible for Editor in 0.51 ms, found 3 plugins.
Preloading 0 native plugins for Editor in 0.00 ms.
Unloading 2097 Unused Serialized files (Serialized files now loaded: 0)
System memory in use before: 97.1 MB.
System memory in use after: 97.0 MB.

Unloading 21 unused Assets to reduce memory usage. Loaded Objects now: 2665.
Total: 2.270200 ms (FindLiveObjects: 0.210600 ms CreateObjectMapping: 0.050700 ms MarkObjects: 1.896400 ms  DeleteObjects: 0.111500 ms)

AssetImportWorkerClient::OnTransportError - code=2 error=End of file
